The target system is: Android - 21 - mips64
The host system is: Linux - 4.9.0-040900-generic - x86_64
Determining if the C compiler works passed with the following output:
Change Dir: /home/fuxi/AndroidStudioProjects/CatchBest/app/.externalNativeBuild/cmake/release/mips64/CMakeFiles/CMakeTmp

Run Build Command:"/home/fuxi/Android/Sdk/cmake/3.6.3155560/bin/ninja" "cmTC_aa432"
[1/2] Building C object CMakeFiles/cmTC_aa432.dir/testCCompiler.c.o
[2/2] Linking C executable cmTC_aa432


Detecting C compiler ABI info compiled with the following output:
Change Dir: /home/fuxi/AndroidStudioProjects/CatchBest/app/.externalNativeBuild/cmake/release/mips64/CMakeFiles/CMakeTmp

Run Build Command:"/home/fuxi/Android/Sdk/cmake/3.6.3155560/bin/ninja" "cmTC_ae9d6"
[1/2] Building C object CMakeFiles/cmTC_ae9d6.dir/CMakeCCompilerABI.c.o
[2/2] Linking C executable cmTC_ae9d6
Android clang version 3.8.256229  (based on LLVM 3.8.256229)
Target: mips64el-none-linux-android
Thread model: posix
InstalledDir: /home/fuxi/android-ndk-r13b/toolchains/llvm/prebuilt/linux-x86_64/bin
Found candidate GCC installation: /home/fuxi/android-ndk-r13b/toolchains/mips64el-linux-android-4.9/prebuilt/linux-x86_64/lib/gcc/mips64el-linux-android/4.9.x
Selected GCC installation: /home/fuxi/android-ndk-r13b/toolchains/mips64el-linux-android-4.9/prebuilt/linux-x86_64/lib/gcc/mips64el-linux-android/4.9.x
Candidate multilib: .;
Selected multilib: .;
 "/home/fuxi/android-ndk-r13b/toolchains/mips64el-linux-android-4.9/prebuilt/linux-x86_64/lib/gcc/mips64el-linux-android/4.9.x/../../../../mips64el-linux-android/bin/ld" --sysroot=/home/fuxi/android-ndk-r13b/platforms/android-21/arch-mips64 -pie -z relro --sysroot=/home/fuxi/android-ndk-r13b/platforms/android-21/arch-mips64 --build-id --eh-frame-hdr -m elf64ltsmip -dynamic-linker /system/bin/linker64 -o cmTC_ae9d6 /home/fuxi/android-ndk-r13b/platforms/android-21/arch-mips64/usr/lib/../lib64/crtbegin_dynamic.o -L/home/fuxi/android-ndk-r13b/toolchains/mips64el-linux-android-4.9/prebuilt/linux-x86_64/lib/gcc/mips64el-linux-android/4.9.x -L/home/fuxi/android-ndk-r13b/toolchains/mips64el-linux-android-4.9/prebuilt/linux-x86_64/lib/gcc/mips64el-linux-android/4.9.x/../../../../mips64el-linux-android/lib/../lib64 -L/home/fuxi/android-ndk-r13b/platforms/android-21/arch-mips64/usr/lib/../lib64 -L/home/fuxi/android-ndk-r13b/toolchains/mips64el-linux-android-4.9/prebuilt/linux-x86_64/lib/gcc/mips64el-linux-android/4.9.x/../../../../mips64el-linux-android/lib -L/home/fuxi/android-ndk-r13b/platforms/android-21/arch-mips64/usr/lib --build-id --warn-shared-textrel --fatal-warnings --no-undefined -z noexecstack -z relro -z now --gc-sections -z nocopyreloc --build-id --warn-shared-textrel --fatal-warnings --no-undefined -z noexecstack -z relro -z now --gc-sections -z nocopyreloc CMakeFiles/cmTC_ae9d6.dir/CMakeCCompilerABI.c.o -lgcc -ldl -lc -lgcc -ldl /home/fuxi/android-ndk-r13b/platforms/android-21/arch-mips64/usr/lib/../lib64/crtend_android.o


Parsed C implicit link information from above output:
  link line regex: [^( *|.*[/\])(mips64el-linux-android-ld|([^/\]+-)?ld|collect2)[^/\]*( |$)]
  ignore line: [Change Dir: /home/fuxi/AndroidStudioProjects/CatchBest/app/.externalNativeBuild/cmake/release/mips64/CMakeFiles/CMakeTmp]
  ignore line: []
  ignore line: [Run Build Command:"/home/fuxi/Android/Sdk/cmake/3.6.3155560/bin/ninja" "cmTC_ae9d6"]
  ignore line: [[1/2] Building C object CMakeFiles/cmTC_ae9d6.dir/CMakeCCompilerABI.c.o]
  ignore line: [[2/2] Linking C executable cmTC_ae9d6]
  ignore line: [Android clang version 3.8.256229  (based on LLVM 3.8.256229)]
  ignore line: [Target: mips64el-none-linux-android]
  ignore line: [Thread model: posix]
  ignore line: [InstalledDir: /home/fuxi/android-ndk-r13b/toolchains/llvm/prebuilt/linux-x86_64/bin]
  ignore line: [Found candidate GCC installation: /home/fuxi/android-ndk-r13b/toolchains/mips64el-linux-android-4.9/prebuilt/linux-x86_64/lib/gcc/mips64el-linux-android/4.9.x]
  ignore line: [Selected GCC installation: /home/fuxi/android-ndk-r13b/toolchains/mips64el-linux-android-4.9/prebuilt/linux-x86_64/lib/gcc/mips64el-linux-android/4.9.x]
  ignore line: [Candidate multilib: .]
  ignore line: []
  ignore line: [Selected multilib: .]
  ignore line: []
  link line: [ "/home/fuxi/android-ndk-r13b/toolchains/mips64el-linux-android-4.9/prebuilt/linux-x86_64/lib/gcc/mips64el-linux-android/4.9.x/../../../../mips64el-linux-android/bin/ld" --sysroot=/home/fuxi/android-ndk-r13b/platforms/android-21/arch-mips64 -pie -z relro --sysroot=/home/fuxi/android-ndk-r13b/platforms/android-21/arch-mips64 --build-id --eh-frame-hdr -m elf64ltsmip -dynamic-linker /system/bin/linker64 -o cmTC_ae9d6 /home/fuxi/android-ndk-r13b/platforms/android-21/arch-mips64/usr/lib/../lib64/crtbegin_dynamic.o -L/home/fuxi/android-ndk-r13b/toolchains/mips64el-linux-android-4.9/prebuilt/linux-x86_64/lib/gcc/mips64el-linux-android/4.9.x -L/home/fuxi/android-ndk-r13b/toolchains/mips64el-linux-android-4.9/prebuilt/linux-x86_64/lib/gcc/mips64el-linux-android/4.9.x/../../../../mips64el-linux-android/lib/../lib64 -L/home/fuxi/android-ndk-r13b/platforms/android-21/arch-mips64/usr/lib/../lib64 -L/home/fuxi/android-ndk-r13b/toolchains/mips64el-linux-android-4.9/prebuilt/linux-x86_64/lib/gcc/mips64el-linux-android/4.9.x/../../../../mips64el-linux-android/lib -L/home/fuxi/android-ndk-r13b/platforms/android-21/arch-mips64/usr/lib --build-id --warn-shared-textrel --fatal-warnings --no-undefined -z noexecstack -z relro -z now --gc-sections -z nocopyreloc --build-id --warn-shared-textrel --fatal-warnings --no-undefined -z noexecstack -z relro -z now --gc-sections -z nocopyreloc CMakeFiles/cmTC_ae9d6.dir/CMakeCCompilerABI.c.o -lgcc -ldl -lc -lgcc -ldl /home/fuxi/android-ndk-r13b/platforms/android-21/arch-mips64/usr/lib/../lib64/crtend_android.o]
    arg [/home/fuxi/android-ndk-r13b/toolchains/mips64el-linux-android-4.9/prebuilt/linux-x86_64/lib/gcc/mips64el-linux-android/4.9.x/../../../../mips64el-linux-android/bin/ld] ==> ignore
    arg [--sysroot=/home/fuxi/android-ndk-r13b/platforms/android-21/arch-mips64] ==> ignore
    arg [-pie] ==> ignore
    arg [-zrelro] ==> ignore
    arg [--sysroot=/home/fuxi/android-ndk-r13b/platforms/android-21/arch-mips64] ==> ignore
    arg [--build-id] ==> ignore
    arg [--eh-frame-hdr] ==> ignore
    arg [-m] ==> ignore
    arg [elf64ltsmip] ==> ignore
    arg [-dynamic-linker] ==> ignore
    arg [/system/bin/linker64] ==> ignore
    arg [-o] ==> ignore
    arg [cmTC_ae9d6] ==> ignore
    arg [/home/fuxi/android-ndk-r13b/platforms/android-21/arch-mips64/usr/lib/../lib64/crtbegin_dynamic.o] ==> ignore
    arg [-L/home/fuxi/android-ndk-r13b/toolchains/mips64el-linux-android-4.9/prebuilt/linux-x86_64/lib/gcc/mips64el-linux-android/4.9.x] ==> dir [/home/fuxi/android-ndk-r13b/toolchains/mips64el-linux-android-4.9/prebuilt/linux-x86_64/lib/gcc/mips64el-linux-android/4.9.x]
    arg [-L/home/fuxi/android-ndk-r13b/toolchains/mips64el-linux-android-4.9/prebuilt/linux-x86_64/lib/gcc/mips64el-linux-android/4.9.x/../../../../mips64el-linux-android/lib/../lib64] ==> dir [/home/fuxi/android-ndk-r13b/toolchains/mips64el-linux-android-4.9/prebuilt/linux-x86_64/lib/gcc/mips64el-linux-android/4.9.x/../../../../mips64el-linux-android/lib/../lib64]
    arg [-L/home/fuxi/android-ndk-r13b/platforms/android-21/arch-mips64/usr/lib/../lib64] ==> dir [/home/fuxi/android-ndk-r13b/platforms/android-21/arch-mips64/usr/lib/../lib64]
    arg [-L/home/fuxi/android-ndk-r13b/toolchains/mips64el-linux-android-4.9/prebuilt/linux-x86_64/lib/gcc/mips64el-linux-android/4.9.x/../../../../mips64el-linux-android/lib] ==> dir [/home/fuxi/android-ndk-r13b/toolchains/mips64el-linux-android-4.9/prebuilt/linux-x86_64/lib/gcc/mips64el-linux-android/4.9.x/../../../../mips64el-linux-android/lib]
    arg [-L/home/fuxi/android-ndk-r13b/platforms/android-21/arch-mips64/usr/lib] ==> dir [/home/fuxi/android-ndk-r13b/platforms/android-21/arch-mips64/usr/lib]
    arg [--build-id] ==> ignore
    arg [--warn-shared-textrel] ==> ignore
    arg [--fatal-warnings] ==> ignore
    arg [--no-undefined] ==> ignore
    arg [-znoexecstack] ==> ignore
    arg [-zrelro] ==> ignore
    arg [-znow] ==> ignore
    arg [--gc-sections] ==> ignore
    arg [-znocopyreloc] ==> ignore
    arg [--build-id] ==> ignore
    arg [--warn-shared-textrel] ==> ignore
    arg [--fatal-warnings] ==> ignore
    arg [--no-undefined] ==> ignore
    arg [-znoexecstack] ==> ignore
    arg [-zrelro] ==> ignore
    arg [-znow] ==> ignore
    arg [--gc-sections] ==> ignore
    arg [-znocopyreloc] ==> ignore
    arg [CMakeFiles/cmTC_ae9d6.dir/CMakeCCompilerABI.c.o] ==> ignore
    arg [-lgcc] ==> lib [gcc]
    arg [-ldl] ==> lib [dl]
    arg [-lc] ==> lib [c]
    arg [-lgcc] ==> lib [gcc]
    arg [-ldl] ==> lib [dl]
    arg [/home/fuxi/android-ndk-r13b/platforms/android-21/arch-mips64/usr/lib/../lib64/crtend_android.o] ==> ignore
  remove lib [gcc]
  remove lib [gcc]
  collapse library dir [/home/fuxi/android-ndk-r13b/toolchains/mips64el-linux-android-4.9/prebuilt/linux-x86_64/lib/gcc/mips64el-linux-android/4.9.x] ==> [/home/fuxi/android-ndk-r13b/toolchains/mips64el-linux-android-4.9/prebuilt/linux-x86_64/lib/gcc/mips64el-linux-android/4.9.x]
  collapse library dir [/home/fuxi/android-ndk-r13b/toolchains/mips64el-linux-android-4.9/prebuilt/linux-x86_64/lib/gcc/mips64el-linux-android/4.9.x/../../../../mips64el-linux-android/lib/../lib64] ==> [/home/fuxi/android-ndk-r13b/toolchains/mips64el-linux-android-4.9/prebuilt/linux-x86_64/mips64el-linux-android/lib64]
  collapse library dir [/home/fuxi/android-ndk-r13b/platforms/android-21/arch-mips64/usr/lib/../lib64] ==> [/home/fuxi/android-ndk-r13b/platforms/android-21/arch-mips64/usr/lib64]
  collapse library dir [/home/fuxi/android-ndk-r13b/toolchains/mips64el-linux-android-4.9/prebuilt/linux-x86_64/lib/gcc/mips64el-linux-android/4.9.x/../../../../mips64el-linux-android/lib] ==> [/home/fuxi/android-ndk-r13b/toolchains/mips64el-linux-android-4.9/prebuilt/linux-x86_64/mips64el-linux-android/lib]
  collapse library dir [/home/fuxi/android-ndk-r13b/platforms/android-21/arch-mips64/usr/lib] ==> [/home/fuxi/android-ndk-r13b/platforms/android-21/arch-mips64/usr/lib]
  implicit libs: [dl;c;dl]
  implicit dirs: [/home/fuxi/android-ndk-r13b/toolchains/mips64el-linux-android-4.9/prebuilt/linux-x86_64/lib/gcc/mips64el-linux-android/4.9.x;/home/fuxi/android-ndk-r13b/toolchains/mips64el-linux-android-4.9/prebuilt/linux-x86_64/mips64el-linux-android/lib64;/home/fuxi/android-ndk-r13b/platforms/android-21/arch-mips64/usr/lib64;/home/fuxi/android-ndk-r13b/toolchains/mips64el-linux-android-4.9/prebuilt/linux-x86_64/mips64el-linux-android/lib;/home/fuxi/android-ndk-r13b/platforms/android-21/arch-mips64/usr/lib]
  implicit fwks: []


Determining if the CXX compiler works passed with the following output:
Change Dir: /home/fuxi/AndroidStudioProjects/CatchBest/app/.externalNativeBuild/cmake/release/mips64/CMakeFiles/CMakeTmp

Run Build Command:"/home/fuxi/Android/Sdk/cmake/3.6.3155560/bin/ninja" "cmTC_5f73a"
[1/2] Building CXX object CMakeFiles/cmTC_5f73a.dir/testCXXCompiler.cxx.o
[2/2] Linking CXX executable cmTC_5f73a


Detecting CXX compiler ABI info compiled with the following output:
Change Dir: /home/fuxi/AndroidStudioProjects/CatchBest/app/.externalNativeBuild/cmake/release/mips64/CMakeFiles/CMakeTmp

Run Build Command:"/home/fuxi/Android/Sdk/cmake/3.6.3155560/bin/ninja" "cmTC_4881b"
[1/2] Building CXX object CMakeFiles/cmTC_4881b.dir/CMakeCXXCompilerABI.cpp.o
[2/2] Linking CXX executable cmTC_4881b
Android clang version 3.8.256229  (based on LLVM 3.8.256229)
Target: mips64el-none-linux-android
Thread model: posix
InstalledDir: /home/fuxi/android-ndk-r13b/toolchains/llvm/prebuilt/linux-x86_64/bin
Found candidate GCC installation: /home/fuxi/android-ndk-r13b/toolchains/mips64el-linux-android-4.9/prebuilt/linux-x86_64/lib/gcc/mips64el-linux-android/4.9.x
Selected GCC installation: /home/fuxi/android-ndk-r13b/toolchains/mips64el-linux-android-4.9/prebuilt/linux-x86_64/lib/gcc/mips64el-linux-android/4.9.x
Candidate multilib: .;
Selected multilib: .;
 "/home/fuxi/android-ndk-r13b/toolchains/mips64el-linux-android-4.9/prebuilt/linux-x86_64/lib/gcc/mips64el-linux-android/4.9.x/../../../../mips64el-linux-android/bin/ld" --sysroot=/home/fuxi/android-ndk-r13b/platforms/android-21/arch-mips64 -pie -z relro --sysroot=/home/fuxi/android-ndk-r13b/platforms/android-21/arch-mips64 --build-id --eh-frame-hdr -m elf64ltsmip -dynamic-linker /system/bin/linker64 -o cmTC_4881b /home/fuxi/android-ndk-r13b/platforms/android-21/arch-mips64/usr/lib/../lib64/crtbegin_dynamic.o -L/home/fuxi/android-ndk-r13b/toolchains/mips64el-linux-android-4.9/prebuilt/linux-x86_64/lib/gcc/mips64el-linux-android/4.9.x -L/home/fuxi/android-ndk-r13b/toolchains/mips64el-linux-android-4.9/prebuilt/linux-x86_64/lib/gcc/mips64el-linux-android/4.9.x/../../../../mips64el-linux-android/lib/../lib64 -L/home/fuxi/android-ndk-r13b/platforms/android-21/arch-mips64/usr/lib/../lib64 -L/home/fuxi/android-ndk-r13b/toolchains/mips64el-linux-android-4.9/prebuilt/linux-x86_64/lib/gcc/mips64el-linux-android/4.9.x/../../../../mips64el-linux-android/lib -L/home/fuxi/android-ndk-r13b/platforms/android-21/arch-mips64/usr/lib --build-id --warn-shared-textrel --fatal-warnings --no-undefined -z noexecstack -z relro -z now --gc-sections -z nocopyreloc --build-id --warn-shared-textrel --fatal-warnings --no-undefined -z noexecstack -z relro -z now --gc-sections -z nocopyreloc CMakeFiles/cmTC_4881b.dir/CMakeCXXCompilerABI.cpp.o -lstdc++ -lm -lgcc -lgcc -ldl -lc -lgcc -lgcc -ldl /home/fuxi/android-ndk-r13b/platforms/android-21/arch-mips64/usr/lib/../lib64/crtend_android.o


Parsed CXX implicit link information from above output:
  link line regex: [^( *|.*[/\])(mips64el-linux-android-ld|([^/\]+-)?ld|collect2)[^/\]*( |$)]
  ignore line: [Change Dir: /home/fuxi/AndroidStudioProjects/CatchBest/app/.externalNativeBuild/cmake/release/mips64/CMakeFiles/CMakeTmp]
  ignore line: []
  ignore line: [Run Build Command:"/home/fuxi/Android/Sdk/cmake/3.6.3155560/bin/ninja" "cmTC_4881b"]
  ignore line: [[1/2] Building CXX object CMakeFiles/cmTC_4881b.dir/CMakeCXXCompilerABI.cpp.o]
  ignore line: [[2/2] Linking CXX executable cmTC_4881b]
  ignore line: [Android clang version 3.8.256229  (based on LLVM 3.8.256229)]
  ignore line: [Target: mips64el-none-linux-android]
  ignore line: [Thread model: posix]
  ignore line: [InstalledDir: /home/fuxi/android-ndk-r13b/toolchains/llvm/prebuilt/linux-x86_64/bin]
  ignore line: [Found candidate GCC installation: /home/fuxi/android-ndk-r13b/toolchains/mips64el-linux-android-4.9/prebuilt/linux-x86_64/lib/gcc/mips64el-linux-android/4.9.x]
  ignore line: [Selected GCC installation: /home/fuxi/android-ndk-r13b/toolchains/mips64el-linux-android-4.9/prebuilt/linux-x86_64/lib/gcc/mips64el-linux-android/4.9.x]
  ignore line: [Candidate multilib: .]
  ignore line: []
  ignore line: [Selected multilib: .]
  ignore line: []
  link line: [ "/home/fuxi/android-ndk-r13b/toolchains/mips64el-linux-android-4.9/prebuilt/linux-x86_64/lib/gcc/mips64el-linux-android/4.9.x/../../../../mips64el-linux-android/bin/ld" --sysroot=/home/fuxi/android-ndk-r13b/platforms/android-21/arch-mips64 -pie -z relro --sysroot=/home/fuxi/android-ndk-r13b/platforms/android-21/arch-mips64 --build-id --eh-frame-hdr -m elf64ltsmip -dynamic-linker /system/bin/linker64 -o cmTC_4881b /home/fuxi/android-ndk-r13b/platforms/android-21/arch-mips64/usr/lib/../lib64/crtbegin_dynamic.o -L/home/fuxi/android-ndk-r13b/toolchains/mips64el-linux-android-4.9/prebuilt/linux-x86_64/lib/gcc/mips64el-linux-android/4.9.x -L/home/fuxi/android-ndk-r13b/toolchains/mips64el-linux-android-4.9/prebuilt/linux-x86_64/lib/gcc/mips64el-linux-android/4.9.x/../../../../mips64el-linux-android/lib/../lib64 -L/home/fuxi/android-ndk-r13b/platforms/android-21/arch-mips64/usr/lib/../lib64 -L/home/fuxi/android-ndk-r13b/toolchains/mips64el-linux-android-4.9/prebuilt/linux-x86_64/lib/gcc/mips64el-linux-android/4.9.x/../../../../mips64el-linux-android/lib -L/home/fuxi/android-ndk-r13b/platforms/android-21/arch-mips64/usr/lib --build-id --warn-shared-textrel --fatal-warnings --no-undefined -z noexecstack -z relro -z now --gc-sections -z nocopyreloc --build-id --warn-shared-textrel --fatal-warnings --no-undefined -z noexecstack -z relro -z now --gc-sections -z nocopyreloc CMakeFiles/cmTC_4881b.dir/CMakeCXXCompilerABI.cpp.o -lstdc++ -lm -lgcc -lgcc -ldl -lc -lgcc -lgcc -ldl /home/fuxi/android-ndk-r13b/platforms/android-21/arch-mips64/usr/lib/../lib64/crtend_android.o]
    arg [/home/fuxi/android-ndk-r13b/toolchains/mips64el-linux-android-4.9/prebuilt/linux-x86_64/lib/gcc/mips64el-linux-android/4.9.x/../../../../mips64el-linux-android/bin/ld] ==> ignore
    arg [--sysroot=/home/fuxi/android-ndk-r13b/platforms/android-21/arch-mips64] ==> ignore
    arg [-pie] ==> ignore
    arg [-zrelro] ==> ignore
    arg [--sysroot=/home/fuxi/android-ndk-r13b/platforms/android-21/arch-mips64] ==> ignore
    arg [--build-id] ==> ignore
    arg [--eh-frame-hdr] ==> ignore
    arg [-m] ==> ignore
    arg [elf64ltsmip] ==> ignore
    arg [-dynamic-linker] ==> ignore
    arg [/system/bin/linker64] ==> ignore
    arg [-o] ==> ignore
    arg [cmTC_4881b] ==> ignore
    arg [/home/fuxi/android-ndk-r13b/platforms/android-21/arch-mips64/usr/lib/../lib64/crtbegin_dynamic.o] ==> ignore
    arg [-L/home/fuxi/android-ndk-r13b/toolchains/mips64el-linux-android-4.9/prebuilt/linux-x86_64/lib/gcc/mips64el-linux-android/4.9.x] ==> dir [/home/fuxi/android-ndk-r13b/toolchains/mips64el-linux-android-4.9/prebuilt/linux-x86_64/lib/gcc/mips64el-linux-android/4.9.x]
    arg [-L/home/fuxi/android-ndk-r13b/toolchains/mips64el-linux-android-4.9/prebuilt/linux-x86_64/lib/gcc/mips64el-linux-android/4.9.x/../../../../mips64el-linux-android/lib/../lib64] ==> dir [/home/fuxi/android-ndk-r13b/toolchains/mips64el-linux-android-4.9/prebuilt/linux-x86_64/lib/gcc/mips64el-linux-android/4.9.x/../../../../mips64el-linux-android/lib/../lib64]
    arg [-L/home/fuxi/android-ndk-r13b/platforms/android-21/arch-mips64/usr/lib/../lib64] ==> dir [/home/fuxi/android-ndk-r13b/platforms/android-21/arch-mips64/usr/lib/../lib64]
    arg [-L/home/fuxi/android-ndk-r13b/toolchains/mips64el-linux-android-4.9/prebuilt/linux-x86_64/lib/gcc/mips64el-linux-android/4.9.x/../../../../mips64el-linux-android/lib] ==> dir [/home/fuxi/android-ndk-r13b/toolchains/mips64el-linux-android-4.9/prebuilt/linux-x86_64/lib/gcc/mips64el-linux-android/4.9.x/../../../../mips64el-linux-android/lib]
    arg [-L/home/fuxi/android-ndk-r13b/platforms/android-21/arch-mips64/usr/lib] ==> dir [/home/fuxi/android-ndk-r13b/platforms/android-21/arch-mips64/usr/lib]
    arg [--build-id] ==> ignore
    arg [--warn-shared-textrel] ==> ignore
    arg [--fatal-warnings] ==> ignore
    arg [--no-undefined] ==> ignore
    arg [-znoexecstack] ==> ignore
    arg [-zrelro] ==> ignore
    arg [-znow] ==> ignore
    arg [--gc-sections] ==> ignore
    arg [-znocopyreloc] ==> ignore
    arg [--build-id] ==> ignore
    arg [--warn-shared-textrel] ==> ignore
    arg [--fatal-warnings] ==> ignore
    arg [--no-undefined] ==> ignore
    arg [-znoexecstack] ==> ignore
    arg [-zrelro] ==> ignore
    arg [-znow] ==> ignore
    arg [--gc-sections] ==> ignore
    arg [-znocopyreloc] ==> ignore
    arg [CMakeFiles/cmTC_4881b.dir/CMakeCXXCompilerABI.cpp.o] ==> ignore
    arg [-lstdc++] ==> lib [stdc++]
    arg [-lm] ==> lib [m]
    arg [-lgcc] ==> lib [gcc]
    arg [-lgcc] ==> lib [gcc]
    arg [-ldl] ==> lib [dl]
    arg [-lc] ==> lib [c]
    arg [-lgcc] ==> lib [gcc]
    arg [-lgcc] ==> lib [gcc]
    arg [-ldl] ==> lib [dl]
    arg [/home/fuxi/android-ndk-r13b/platforms/android-21/arch-mips64/usr/lib/../lib64/crtend_android.o] ==> ignore
  remove lib [gcc]
  remove lib [gcc]
  remove lib [gcc]
  remove lib [gcc]
  collapse library dir [/home/fuxi/android-ndk-r13b/toolchains/mips64el-linux-android-4.9/prebuilt/linux-x86_64/lib/gcc/mips64el-linux-android/4.9.x] ==> [/home/fuxi/android-ndk-r13b/toolchains/mips64el-linux-android-4.9/prebuilt/linux-x86_64/lib/gcc/mips64el-linux-android/4.9.x]
  collapse library dir [/home/fuxi/android-ndk-r13b/toolchains/mips64el-linux-android-4.9/prebuilt/linux-x86_64/lib/gcc/mips64el-linux-android/4.9.x/../../../../mips64el-linux-android/lib/../lib64] ==> [/home/fuxi/android-ndk-r13b/toolchains/mips64el-linux-android-4.9/prebuilt/linux-x86_64/mips64el-linux-android/lib64]
  collapse library dir [/home/fuxi/android-ndk-r13b/platforms/android-21/arch-mips64/usr/lib/../lib64] ==> [/home/fuxi/android-ndk-r13b/platforms/android-21/arch-mips64/usr/lib64]
  collapse library dir [/home/fuxi/android-ndk-r13b/toolchains/mips64el-linux-android-4.9/prebuilt/linux-x86_64/lib/gcc/mips64el-linux-android/4.9.x/../../../../mips64el-linux-android/lib] ==> [/home/fuxi/android-ndk-r13b/toolchains/mips64el-linux-android-4.9/prebuilt/linux-x86_64/mips64el-linux-android/lib]
  collapse library dir [/home/fuxi/android-ndk-r13b/platforms/android-21/arch-mips64/usr/lib] ==> [/home/fuxi/android-ndk-r13b/platforms/android-21/arch-mips64/usr/lib]
  implicit libs: [stdc++;m;dl;c;dl]
  implicit dirs: [/home/fuxi/android-ndk-r13b/toolchains/mips64el-linux-android-4.9/prebuilt/linux-x86_64/lib/gcc/mips64el-linux-android/4.9.x;/home/fuxi/android-ndk-r13b/toolchains/mips64el-linux-android-4.9/prebuilt/linux-x86_64/mips64el-linux-android/lib64;/home/fuxi/android-ndk-r13b/platforms/android-21/arch-mips64/usr/lib64;/home/fuxi/android-ndk-r13b/toolchains/mips64el-linux-android-4.9/prebuilt/linux-x86_64/mips64el-linux-android/lib;/home/fuxi/android-ndk-r13b/platforms/android-21/arch-mips64/usr/lib]
  implicit fwks: []


